<?xml version="1.0" encoding="UTF-8"?>
<!-- Generated by org.testng.reporters.JUnitXMLReporter -->
<testsuite hostname="VBITCPUI04" ignored="0" tests="100" failures="0" timestamp="26 Apr 2019 10:38:41 GMT" time="1925.762" errors="0">
  <testcase name="reg" time="19.633" classname="hcm7"/>
  <testcase name="reg" time="19.101" classname="hcm7"/>
  <testcase name="reg" time="19.151" classname="hcm7"/>
  <testcase name="reg" time="19.109" classname="hcm7"/>
  <testcase name="reg" time="19.094" classname="hcm7"/>
  <testcase name="reg" time="19.026" classname="hcm7"/>
  <testcase name="reg" time="19.167" classname="hcm7"/>
  <testcase name="reg" time="19.196" classname="hcm7"/>
  <testcase name="reg" time="19.16" classname="hcm7"/>
  <testcase name="reg" time="18.991" classname="hcm7"/>
  <testcase name="reg" time="19.017" classname="hcm7"/>
  <testcase name="reg" time="19.01" classname="hcm7"/>
  <testcase name="reg" time="19.011" classname="hcm7"/>
  <testcase name="reg" time="19.123" classname="hcm7"/>
  <testcase name="reg" time="19.041" classname="hcm7"/>
  <testcase name="reg" time="19.085" classname="hcm7"/>
  <testcase name="reg" time="19.169" classname="hcm7"/>
  <testcase name="reg" time="19.017" classname="hcm7"/>
  <testcase name="reg" time="19.05" classname="hcm7"/>
  <testcase name="reg" time="19.286" classname="hcm7"/>
  <testcase name="reg" time="19.117" classname="hcm7"/>
  <testcase name="reg" time="19.065" classname="hcm7"/>
  <testcase name="reg" time="19.083" classname="hcm7"/>
  <testcase name="reg" time="19.078" classname="hcm7"/>
  <testcase name="reg" time="19.051" classname="hcm7"/>
  <testcase name="reg" time="19.11" classname="hcm7"/>
  <testcase name="reg" time="19.121" classname="hcm7"/>
  <testcase name="reg" time="19.021" classname="hcm7"/>
  <testcase name="reg" time="19.16" classname="hcm7"/>
  <testcase name="reg" time="19.111" classname="hcm7"/>
  <testcase name="reg" time="19.109" classname="hcm7"/>
  <testcase name="reg" time="19.048" classname="hcm7"/>
  <testcase name="reg" time="19.078" classname="hcm7"/>
  <testcase name="reg" time="19.077" classname="hcm7"/>
  <testcase name="reg" time="18.991" classname="hcm7"/>
  <testcase name="reg" time="18.934" classname="hcm7"/>
  <testcase name="reg" time="19.137" classname="hcm7"/>
  <testcase name="reg" time="19.036" classname="hcm7"/>
  <testcase name="reg" time="19.056" classname="hcm7"/>
  <testcase name="reg" time="19.196" classname="hcm7"/>
  <testcase name="reg" time="19.108" classname="hcm7"/>
  <testcase name="reg" time="19.078" classname="hcm7"/>
  <testcase name="reg" time="19.072" classname="hcm7"/>
  <testcase name="reg" time="19.024" classname="hcm7"/>
  <testcase name="reg" time="19.073" classname="hcm7"/>
  <testcase name="reg" time="19.113" classname="hcm7"/>
  <testcase name="reg" time="19.062" classname="hcm7"/>
  <testcase name="reg" time="19.037" classname="hcm7"/>
  <testcase name="reg" time="19.109" classname="hcm7"/>
  <testcase name="reg" time="19.048" classname="hcm7"/>
  <testcase name="reg" time="19.175" classname="hcm7"/>
  <testcase name="reg" time="19.133" classname="hcm7"/>
  <testcase name="reg" time="19.14" classname="hcm7"/>
  <testcase name="reg" time="19.049" classname="hcm7"/>
  <testcase name="reg" time="19.077" classname="hcm7"/>
  <testcase name="reg" time="19.021" classname="hcm7"/>
  <testcase name="reg" time="19.138" classname="hcm7"/>
  <testcase name="reg" time="19.169" classname="hcm7"/>
  <testcase name="reg" time="19.114" classname="hcm7"/>
  <testcase name="reg" time="19.106" classname="hcm7"/>
  <testcase name="reg" time="19.139" classname="hcm7"/>
  <testcase name="reg" time="19.017" classname="hcm7"/>
  <testcase name="reg" time="19.05" classname="hcm7"/>
  <testcase name="reg" time="19.053" classname="hcm7"/>
  <testcase name="reg" time="19.052" classname="hcm7"/>
  <testcase name="reg" time="19.1" classname="hcm7"/>
  <testcase name="reg" time="19.096" classname="hcm7"/>
  <testcase name="reg" time="19.062" classname="hcm7"/>
  <testcase name="reg" time="18.98" classname="hcm7"/>
  <testcase name="reg" time="19.12" classname="hcm7"/>
  <testcase name="reg" time="19.144" classname="hcm7"/>
  <testcase name="reg" time="19.075" classname="hcm7"/>
  <testcase name="reg" time="19.091" classname="hcm7"/>
  <testcase name="reg" time="19.064" classname="hcm7"/>
  <testcase name="reg" time="19.107" classname="hcm7"/>
  <testcase name="reg" time="19.137" classname="hcm7"/>
  <testcase name="reg" time="19.085" classname="hcm7"/>
  <testcase name="reg" time="19.016" classname="hcm7"/>
  <testcase name="reg" time="19.004" classname="hcm7"/>
  <testcase name="reg" time="19.094" classname="hcm7"/>
  <testcase name="reg" time="19.048" classname="hcm7"/>
  <testcase name="reg" time="19.051" classname="hcm7"/>
  <testcase name="reg" time="19.138" classname="hcm7"/>
  <testcase name="reg" time="19.054" classname="hcm7"/>
  <testcase name="reg" time="19.06" classname="hcm7"/>
  <testcase name="reg" time="19.029" classname="hcm7"/>
  <testcase name="reg" time="19.082" classname="hcm7"/>
  <testcase name="reg" time="19.162" classname="hcm7"/>
  <testcase name="reg" time="19.147" classname="hcm7"/>
  <testcase name="reg" time="19.132" classname="hcm7"/>
  <testcase name="reg" time="19.103" classname="hcm7"/>
  <testcase name="reg" time="19.082" classname="hcm7"/>
  <testcase name="reg" time="19.013" classname="hcm7"/>
  <testcase name="reg" time="19.2" classname="hcm7"/>
  <testcase name="reg" time="19.082" classname="hcm7"/>
  <testcase name="reg" time="19.134" classname="hcm7"/>
  <testcase name="reg" time="19.078" classname="hcm7"/>
  <testcase name="reg" time="19.051" classname="hcm7"/>
  <testcase name="reg" time="19.107" classname="hcm7"/>
  <testcase name="reg" time="18.95" classname="hcm7"/>
</testsuite>
