<?xml version="1.0" encoding="UTF-8"?>
<testng-results skipped="0" failed="0" ignored="0" total="100" passed="100">
  <reporter-output>
  </reporter-output>
  <suite name="Default suite" duration-ms="1925762" started-at="2019-04-26T10:06:36Z" finished-at="2019-04-26T10:38:41Z">
    <groups>
    </groups>
    <test name="Default test" duration-ms="1925762" started-at="2019-04-26T10:06:36Z" finished-at="2019-04-26T10:38:41Z">
      <class name="hcm7">
        <test-method status="PASS" signature="start()[pri:0, instance:hcm7@28feb3fa]" name="start" is-config="true" duration-ms="10899" started-at="2019-04-26T15:36:36Z" finished-at="2019-04-26T15:36:47Z">
          <reporter-output>
          </reporter-output>
        </test-method> <!-- start -->
        <test-method status="PASS" signature="reg(java.lang.String, java.lang.String, java.lang.String)[pri:0, instance:hcm7@28feb3fa]" name="reg" duration-ms="19633" started-at="2019-04-26T15:36:47Z" data-provider="login" finished-at="2019-04-26T15:37:06Z">
          <params>
            <param index="0">
              <value>
                <![CDATA[name1]]>
              </value>
            </param>
            <param index="1">
              <value>
                <![CDATA[Selected]]>
              </value>
            </param>
            <param index="2">
              <value>
                <![CDATA[Selected]]>
              </value>
            </param>
          </params>
          <reporter-output>
          </reporter-output>
        </test-method> <!-- reg -->
        <test-method status="PASS" signature="reg(java.lang.String, java.lang.String, java.lang.String)[pri:0, instance:hcm7@28feb3fa]" name="reg" duration-ms="19101" started-at="2019-04-26T15:37:06Z" data-provider="login" finished-at="2019-04-26T15:37:26Z">
          <params>
            <param index="0">
              <value>
                <![CDATA[name2]]>
              </value>
            </param>
            <param index="1">
              <value>
                <![CDATA[Selected]]>
              </value>
            </param>
            <param index="2">
              <value>
                <![CDATA[Selected]]>
              </value>
            </param>
          </params>
          <reporter-output>
          </reporter-output>
        </test-method> <!-- reg -->
        <test-method status="PASS" signature="reg(java.lang.String, java.lang.String, java.lang.String)[pri:0, instance:hcm7@28feb3fa]" name="reg" duration-ms="19151" started-at="2019-04-26T15:37:26Z" data-provider="login" finished-at="2019-04-26T15:37:45Z">
          <params>
            <param index="0">
              <value>
                <![CDATA[name3]]>
              </value>
            </param>
            <param index="1">
              <value>
                <![CDATA[Cancelled]]>
              </value>
            </param>
            <param index="2">
              <value>
                <![CDATA[Cancelled]]>
              </value>
            </param>
          </params>
          <reporter-output>
          </reporter-output>
        </test-method> <!-- reg -->
        <test-method status="PASS" signature="reg(java.lang.String, java.lang.String, java.lang.String)[pri:0, instance:hcm7@28feb3fa]" name="reg" duration-ms="19109" started-at="2019-04-26T15:37:45Z" data-provider="login" finished-at="2019-04-26T15:38:04Z">
          <params>
            <param index="0">
              <value>
                <![CDATA[name4]]>
              </value>
            </param>
            <param index="1">
              <value>
                <![CDATA[Selected]]>
              </value>
            </param>
            <param index="2">
              <value>
                <![CDATA[Selected]]>
              </value>
            </param>
          </params>
          <reporter-output>
          </reporter-output>
        </test-method> <!-- reg -->
        <test-method status="PASS" signature="reg(java.lang.String, java.lang.String, java.lang.String)[pri:0, instance:hcm7@28feb3fa]" name="reg" duration-ms="19094" started-at="2019-04-26T15:38:04Z" data-provider="login" finished-at="2019-04-26T15:38:23Z">
          <params>
            <param index="0">
              <value>
                <![CDATA[name5]]>
              </value>
            </param>
            <param index="1">
              <value>
                <![CDATA[Selected]]>
              </value>
            </param>
            <param index="2">
              <value>
                <![CDATA[Selected]]>
              </value>
            </param>
          </params>
          <reporter-output>
          </reporter-output>
        </test-method> <!-- reg -->
        <test-method status="PASS" signature="reg(java.lang.String, java.lang.String, java.lang.String)[pri:0, instance:hcm7@28feb3fa]" name="reg" duration-ms="19026" started-at="2019-04-26T15:38:23Z" data-provider="login" finished-at="2019-04-26T15:38:42Z">
          <params>
            <param index="0">
              <value>
                <![CDATA[name6]]>
              </value>
            </param>
            <param index="1">
              <value>
                <![CDATA[Rejected]]>
              </value>
            </param>
            <param index="2">
              <value>
                <![CDATA[Rejected]]>
              </value>
            </param>
          </params>
          <reporter-output>
          </reporter-output>
        </test-method> <!-- reg -->
        <test-method status="PASS" signature="reg(java.lang.String, java.lang.String, java.lang.String)[pri:0, instance:hcm7@28feb3fa]" name="reg" duration-ms="19167" started-at="2019-04-26T15:38:42Z" data-provider="login" finished-at="2019-04-26T15:39:01Z">
          <params>
            <param index="0">
              <value>
                <![CDATA[name7]]>
              </value>
            </param>
            <param index="1">
              <value>
                <![CDATA[Rejected]]>
              </value>
            </param>
            <param index="2">
              <value>
                <![CDATA[Rejected]]>
              </value>
            </param>
          </params>
          <reporter-output>
          </reporter-output>
        </test-method> <!-- reg -->
        <test-method status="PASS" signature="reg(java.lang.String, java.lang.String, java.lang.String)[pri:0, instance:hcm7@28feb3fa]" name="reg" duration-ms="19196" started-at="2019-04-26T15:39:01Z" data-provider="login" finished-at="2019-04-26T15:39:20Z">
          <params>
            <param index="0">
              <value>
                <![CDATA[name8]]>
              </value>
            </param>
            <param index="1">
              <value>
                <![CDATA[Selected]]>
              </value>
            </param>
            <param index="2">
              <value>
                <![CDATA[Selected]]>
              </value>
            </param>
          </params>
          <reporter-output>
          </reporter-output>
        </test-method> <!-- reg -->
        <test-method status="PASS" signature="reg(java.lang.String, java.lang.String, java.lang.String)[pri:0, instance:hcm7@28feb3fa]" name="reg" duration-ms="19160" started-at="2019-04-26T15:39:20Z" data-provider="login" finished-at="2019-04-26T15:39:39Z">
          <params>
            <param index="0">
              <value>
                <![CDATA[name9]]>
              </value>
            </param>
            <param index="1">
              <value>
                <![CDATA[Selected]]>
              </value>
            </param>
            <param index="2">
              <value>
                <![CDATA[Selected]]>
              </value>
            </param>
          </params>
          <reporter-output>
          </reporter-output>
        </test-method> <!-- reg -->
        <test-method status="PASS" signature="reg(java.lang.String, java.lang.String, java.lang.String)[pri:0, instance:hcm7@28feb3fa]" name="reg" duration-ms="18991" started-at="2019-04-26T15:39:39Z" data-provider="login" finished-at="2019-04-26T15:39:58Z">
          <params>
            <param index="0">
              <value>
                <![CDATA[name10]]>
              </value>
            </param>
            <param index="1">
              <value>
                <![CDATA[Hold]]>
              </value>
            </param>
            <param index="2">
              <value>
                <![CDATA[Hold]]>
              </value>
            </param>
          </params>
          <reporter-output>
          </reporter-output>
        </test-method> <!-- reg -->
        <test-method status="PASS" signature="reg(java.lang.String, java.lang.String, java.lang.String)[pri:0, instance:hcm7@28feb3fa]" name="reg" duration-ms="19017" started-at="2019-04-26T15:39:58Z" data-provider="login" finished-at="2019-04-26T15:40:17Z">
          <params>
            <param index="0">
              <value>
                <![CDATA[name11]]>
              </value>
            </param>
            <param index="1">
              <value>
                <![CDATA[Selected]]>
              </value>
            </param>
            <param index="2">
              <value>
                <![CDATA[Selected]]>
              </value>
            </param>
          </params>
          <reporter-output>
          </reporter-output>
        </test-method> <!-- reg -->
        <test-method status="PASS" signature="reg(java.lang.String, java.lang.String, java.lang.String)[pri:0, instance:hcm7@28feb3fa]" name="reg" duration-ms="19010" started-at="2019-04-26T15:40:17Z" data-provider="login" finished-at="2019-04-26T15:40:36Z">
          <params>
            <param index="0">
              <value>
                <![CDATA[name12]]>
              </value>
            </param>
            <param index="1">
              <value>
                <![CDATA[Selected]]>
              </value>
            </param>
            <param index="2">
              <value>
                <![CDATA[Selected]]>
              </value>
            </param>
          </params>
          <reporter-output>
          </reporter-output>
        </test-method> <!-- reg -->
        <test-method status="PASS" signature="reg(java.lang.String, java.lang.String, java.lang.String)[pri:0, instance:hcm7@28feb3fa]" name="reg" duration-ms="19011" started-at="2019-04-26T15:40:36Z" data-provider="login" finished-at="2019-04-26T15:40:55Z">
          <params>
            <param index="0">
              <value>
                <![CDATA[name13]]>
              </value>
            </param>
            <param index="1">
              <value>
                <![CDATA[Selected]]>
              </value>
            </param>
            <param index="2">
              <value>
                <![CDATA[Selected]]>
              </value>
            </param>
          </params>
          <reporter-output>
          </reporter-output>
        </test-method> <!-- reg -->
        <test-method status="PASS" signature="reg(java.lang.String, java.lang.String, java.lang.String)[pri:0, instance:hcm7@28feb3fa]" name="reg" duration-ms="19123" started-at="2019-04-26T15:40:55Z" data-provider="login" finished-at="2019-04-26T15:41:15Z">
          <params>
            <param index="0">
              <value>
                <![CDATA[name14]]>
              </value>
            </param>
            <param index="1">
              <value>
                <![CDATA[Selected]]>
              </value>
            </param>
            <param index="2">
              <value>
                <![CDATA[Selected]]>
              </value>
            </param>
          </params>
          <reporter-output>
          </reporter-output>
        </test-method> <!-- reg -->
        <test-method status="PASS" signature="reg(java.lang.String, java.lang.String, java.lang.String)[pri:0, instance:hcm7@28feb3fa]" name="reg" duration-ms="19041" started-at="2019-04-26T15:41:15Z" data-provider="login" finished-at="2019-04-26T15:41:34Z">
          <params>
            <param index="0">
              <value>
                <![CDATA[name15]]>
              </value>
            </param>
            <param index="1">
              <value>
                <![CDATA[Selected]]>
              </value>
            </param>
            <param index="2">
              <value>
                <![CDATA[Selected]]>
              </value>
            </param>
          </params>
          <reporter-output>
          </reporter-output>
        </test-method> <!-- reg -->
        <test-method status="PASS" signature="reg(java.lang.String, java.lang.String, java.lang.String)[pri:0, instance:hcm7@28feb3fa]" name="reg" duration-ms="19085" started-at="2019-04-26T15:41:34Z" data-provider="login" finished-at="2019-04-26T15:41:53Z">
          <params>
            <param index="0">
              <value>
                <![CDATA[name16]]>
              </value>
            </param>
            <param index="1">
              <value>
                <![CDATA[Selected]]>
              </value>
            </param>
            <param index="2">
              <value>
                <![CDATA[Selected]]>
              </value>
            </param>
          </params>
          <reporter-output>
          </reporter-output>
        </test-method> <!-- reg -->
        <test-method status="PASS" signature="reg(java.lang.String, java.lang.String, java.lang.String)[pri:0, instance:hcm7@28feb3fa]" name="reg" duration-ms="19169" started-at="2019-04-26T15:41:53Z" data-provider="login" finished-at="2019-04-26T15:42:12Z">
          <params>
            <param index="0">
              <value>
                <![CDATA[name17]]>
              </value>
            </param>
            <param index="1">
              <value>
                <![CDATA[Selected]]>
              </value>
            </param>
            <param index="2">
              <value>
                <![CDATA[Selected]]>
              </value>
            </param>
          </params>
          <reporter-output>
          </reporter-output>
        </test-method> <!-- reg -->
        <test-method status="PASS" signature="reg(java.lang.String, java.lang.String, java.lang.String)[pri:0, instance:hcm7@28feb3fa]" name="reg" duration-ms="19017" started-at="2019-04-26T15:42:12Z" data-provider="login" finished-at="2019-04-26T15:42:31Z">
          <params>
            <param index="0">
              <value>
                <![CDATA[name18]]>
              </value>
            </param>
            <param index="1">
              <value>
                <![CDATA[Rejected]]>
              </value>
            </param>
            <param index="2">
              <value>
                <![CDATA[Rejected]]>
              </value>
            </param>
          </params>
          <reporter-output>
          </reporter-output>
        </test-method> <!-- reg -->
        <test-method status="PASS" signature="reg(java.lang.String, java.lang.String, java.lang.String)[pri:0, instance:hcm7@28feb3fa]" name="reg" duration-ms="19050" started-at="2019-04-26T15:42:31Z" data-provider="login" finished-at="2019-04-26T15:42:50Z">
          <params>
            <param index="0">
              <value>
                <![CDATA[name19]]>
              </value>
            </param>
            <param index="1">
              <value>
                <![CDATA[Rejected]]>
              </value>
            </param>
            <param index="2">
              <value>
                <![CDATA[Rejected]]>
              </value>
            </param>
          </params>
          <reporter-output>
          </reporter-output>
        </test-method> <!-- reg -->
        <test-method status="PASS" signature="reg(java.lang.String, java.lang.String, java.lang.String)[pri:0, instance:hcm7@28feb3fa]" name="reg" duration-ms="19286" started-at="2019-04-26T15:42:50Z" data-provider="login" finished-at="2019-04-26T15:43:09Z">
          <params>
            <param index="0">
              <value>
                <![CDATA[name20]]>
              </value>
            </param>
            <param index="1">
              <value>
                <![CDATA[Rejected]]>
              </value>
            </param>
            <param index="2">
              <value>
                <![CDATA[Rejected]]>
              </value>
            </param>
          </params>
          <reporter-output>
          </reporter-output>
        </test-method> <!-- reg -->
        <test-method status="PASS" signature="reg(java.lang.String, java.lang.String, java.lang.String)[pri:0, instance:hcm7@28feb3fa]" name="reg" duration-ms="19117" started-at="2019-04-26T15:43:09Z" data-provider="login" finished-at="2019-04-26T15:43:28Z">
          <params>
            <param index="0">
              <value>
                <![CDATA[name21]]>
              </value>
            </param>
            <param index="1">
              <value>
                <![CDATA[Selected]]>
              </value>
            </param>
            <param index="2">
              <value>
                <![CDATA[Selected]]>
              </value>
            </param>
          </params>
          <reporter-output>
          </reporter-output>
        </test-method> <!-- reg -->
        <test-method status="PASS" signature="reg(java.lang.String, java.lang.String, java.lang.String)[pri:0, instance:hcm7@28feb3fa]" name="reg" duration-ms="19065" started-at="2019-04-26T15:43:28Z" data-provider="login" finished-at="2019-04-26T15:43:47Z">
          <params>
            <param index="0">
              <value>
                <![CDATA[name22]]>
              </value>
            </param>
            <param index="1">
              <value>
                <![CDATA[Selected]]>
              </value>
            </param>
            <param index="2">
              <value>
                <![CDATA[Selected]]>
              </value>
            </param>
          </params>
          <reporter-output>
          </reporter-output>
        </test-method> <!-- reg -->
        <test-method status="PASS" signature="reg(java.lang.String, java.lang.String, java.lang.String)[pri:0, instance:hcm7@28feb3fa]" name="reg" duration-ms="19083" started-at="2019-04-26T15:43:47Z" data-provider="login" finished-at="2019-04-26T15:44:07Z">
          <params>
            <param index="0">
              <value>
                <![CDATA[name23]]>
              </value>
            </param>
            <param index="1">
              <value>
                <![CDATA[Selected]]>
              </value>
            </param>
            <param index="2">
              <value>
                <![CDATA[Selected]]>
              </value>
            </param>
          </params>
          <reporter-output>
          </reporter-output>
        </test-method> <!-- reg -->
        <test-method status="PASS" signature="reg(java.lang.String, java.lang.String, java.lang.String)[pri:0, instance:hcm7@28feb3fa]" name="reg" duration-ms="19078" started-at="2019-04-26T15:44:07Z" data-provider="login" finished-at="2019-04-26T15:44:26Z">
          <params>
            <param index="0">
              <value>
                <![CDATA[name24]]>
              </value>
            </param>
            <param index="1">
              <value>
                <![CDATA[Selected]]>
              </value>
            </param>
            <param index="2">
              <value>
                <![CDATA[Selected]]>
              </value>
            </param>
          </params>
          <reporter-output>
          </reporter-output>
        </test-method> <!-- reg -->
        <test-method status="PASS" signature="reg(java.lang.String, java.lang.String, java.lang.String)[pri:0, instance:hcm7@28feb3fa]" name="reg" duration-ms="19051" started-at="2019-04-26T15:44:26Z" data-provider="login" finished-at="2019-04-26T15:44:45Z">
          <params>
            <param index="0">
              <value>
                <![CDATA[name25]]>
              </value>
            </param>
            <param index="1">
              <value>
                <![CDATA[Cancelled]]>
              </value>
            </param>
            <param index="2">
              <value>
                <![CDATA[Cancelled]]>
              </value>
            </param>
          </params>
          <reporter-output>
          </reporter-output>
        </test-method> <!-- reg -->
        <test-method status="PASS" signature="reg(java.lang.String, java.lang.String, java.lang.String)[pri:0, instance:hcm7@28feb3fa]" name="reg" duration-ms="19110" started-at="2019-04-26T15:44:45Z" data-provider="login" finished-at="2019-04-26T15:45:04Z">
          <params>
            <param index="0">
              <value>
                <![CDATA[name26]]>
              </value>
            </param>
            <param index="1">
              <value>
                <![CDATA[Selected]]>
              </value>
            </param>
            <param index="2">
              <value>
                <![CDATA[Selected]]>
              </value>
            </param>
          </params>
          <reporter-output>
          </reporter-output>
        </test-method> <!-- reg -->
        <test-method status="PASS" signature="reg(java.lang.String, java.lang.String, java.lang.String)[pri:0, instance:hcm7@28feb3fa]" name="reg" duration-ms="19121" started-at="2019-04-26T15:45:04Z" data-provider="login" finished-at="2019-04-26T15:45:23Z">
          <params>
            <param index="0">
              <value>
                <![CDATA[name27]]>
              </value>
            </param>
            <param index="1">
              <value>
                <![CDATA[Selected]]>
              </value>
            </param>
            <param index="2">
              <value>
                <![CDATA[Selected]]>
              </value>
            </param>
          </params>
          <reporter-output>
          </reporter-output>
        </test-method> <!-- reg -->
        <test-method status="PASS" signature="reg(java.lang.String, java.lang.String, java.lang.String)[pri:0, instance:hcm7@28feb3fa]" name="reg" duration-ms="19021" started-at="2019-04-26T15:45:23Z" data-provider="login" finished-at="2019-04-26T15:45:42Z">
          <params>
            <param index="0">
              <value>
                <![CDATA[name28]]>
              </value>
            </param>
            <param index="1">
              <value>
                <![CDATA[Rejected]]>
              </value>
            </param>
            <param index="2">
              <value>
                <![CDATA[Rejected]]>
              </value>
            </param>
          </params>
          <reporter-output>
          </reporter-output>
        </test-method> <!-- reg -->
        <test-method status="PASS" signature="reg(java.lang.String, java.lang.String, java.lang.String)[pri:0, instance:hcm7@28feb3fa]" name="reg" duration-ms="19160" started-at="2019-04-26T15:45:42Z" data-provider="login" finished-at="2019-04-26T15:46:01Z">
          <params>
            <param index="0">
              <value>
                <![CDATA[name29]]>
              </value>
            </param>
            <param index="1">
              <value>
                <![CDATA[Selected]]>
              </value>
            </param>
            <param index="2">
              <value>
                <![CDATA[Selected]]>
              </value>
            </param>
          </params>
          <reporter-output>
          </reporter-output>
        </test-method> <!-- reg -->
        <test-method status="PASS" signature="reg(java.lang.String, java.lang.String, java.lang.String)[pri:0, instance:hcm7@28feb3fa]" name="reg" duration-ms="19111" started-at="2019-04-26T15:46:01Z" data-provider="login" finished-at="2019-04-26T15:46:20Z">
          <params>
            <param index="0">
              <value>
                <![CDATA[name30]]>
              </value>
            </param>
            <param index="1">
              <value>
                <![CDATA[Selected]]>
              </value>
            </param>
            <param index="2">
              <value>
                <![CDATA[Selected]]>
              </value>
            </param>
          </params>
          <reporter-output>
          </reporter-output>
        </test-method> <!-- reg -->
        <test-method status="PASS" signature="reg(java.lang.String, java.lang.String, java.lang.String)[pri:0, instance:hcm7@28feb3fa]" name="reg" duration-ms="19109" started-at="2019-04-26T15:46:20Z" data-provider="login" finished-at="2019-04-26T15:46:39Z">
          <params>
            <param index="0">
              <value>
                <![CDATA[name31]]>
              </value>
            </param>
            <param index="1">
              <value>
                <![CDATA[Selected]]>
              </value>
            </param>
            <param index="2">
              <value>
                <![CDATA[Selected]]>
              </value>
            </param>
          </params>
          <reporter-output>
          </reporter-output>
        </test-method> <!-- reg -->
        <test-method status="PASS" signature="reg(java.lang.String, java.lang.String, java.lang.String)[pri:0, instance:hcm7@28feb3fa]" name="reg" duration-ms="19048" started-at="2019-04-26T15:46:39Z" data-provider="login" finished-at="2019-04-26T15:46:58Z">
          <params>
            <param index="0">
              <value>
                <![CDATA[name32]]>
              </value>
            </param>
            <param index="1">
              <value>
                <![CDATA[Selected]]>
              </value>
            </param>
            <param index="2">
              <value>
                <![CDATA[Selected]]>
              </value>
            </param>
          </params>
          <reporter-output>
          </reporter-output>
        </test-method> <!-- reg -->
        <test-method status="PASS" signature="reg(java.lang.String, java.lang.String, java.lang.String)[pri:0, instance:hcm7@28feb3fa]" name="reg" duration-ms="19078" started-at="2019-04-26T15:46:58Z" data-provider="login" finished-at="2019-04-26T15:47:17Z">
          <params>
            <param index="0">
              <value>
                <![CDATA[name33]]>
              </value>
            </param>
            <param index="1">
              <value>
                <![CDATA[Selected]]>
              </value>
            </param>
            <param index="2">
              <value>
                <![CDATA[Selected]]>
              </value>
            </param>
          </params>
          <reporter-output>
          </reporter-output>
        </test-method> <!-- reg -->
        <test-method status="PASS" signature="reg(java.lang.String, java.lang.String, java.lang.String)[pri:0, instance:hcm7@28feb3fa]" name="reg" duration-ms="19077" started-at="2019-04-26T15:47:17Z" data-provider="login" finished-at="2019-04-26T15:47:36Z">
          <params>
            <param index="0">
              <value>
                <![CDATA[name34]]>
              </value>
            </param>
            <param index="1">
              <value>
                <![CDATA[Selected]]>
              </value>
            </param>
            <param index="2">
              <value>
                <![CDATA[Selected]]>
              </value>
            </param>
          </params>
          <reporter-output>
          </reporter-output>
        </test-method> <!-- reg -->
        <test-method status="PASS" signature="reg(java.lang.String, java.lang.String, java.lang.String)[pri:0, instance:hcm7@28feb3fa]" name="reg" duration-ms="18991" started-at="2019-04-26T15:47:37Z" data-provider="login" finished-at="2019-04-26T15:47:55Z">
          <params>
            <param index="0">
              <value>
                <![CDATA[name35]]>
              </value>
            </param>
            <param index="1">
              <value>
                <![CDATA[Selected]]>
              </value>
            </param>
            <param index="2">
              <value>
                <![CDATA[Selected]]>
              </value>
            </param>
          </params>
          <reporter-output>
          </reporter-output>
        </test-method> <!-- reg -->
        <test-method status="PASS" signature="reg(java.lang.String, java.lang.String, java.lang.String)[pri:0, instance:hcm7@28feb3fa]" name="reg" duration-ms="18934" started-at="2019-04-26T15:47:55Z" data-provider="login" finished-at="2019-04-26T15:48:14Z">
          <params>
            <param index="0">
              <value>
                <![CDATA[name36]]>
              </value>
            </param>
            <param index="1">
              <value>
                <![CDATA[Selected]]>
              </value>
            </param>
            <param index="2">
              <value>
                <![CDATA[Selected]]>
              </value>
            </param>
          </params>
          <reporter-output>
          </reporter-output>
        </test-method> <!-- reg -->
        <test-method status="PASS" signature="reg(java.lang.String, java.lang.String, java.lang.String)[pri:0, instance:hcm7@28feb3fa]" name="reg" duration-ms="19137" started-at="2019-04-26T15:48:14Z" data-provider="login" finished-at="2019-04-26T15:48:34Z">
          <params>
            <param index="0">
              <value>
                <![CDATA[name37]]>
              </value>
            </param>
            <param index="1">
              <value>
                <![CDATA[Selected]]>
              </value>
            </param>
            <param index="2">
              <value>
                <![CDATA[Selected]]>
              </value>
            </param>
          </params>
          <reporter-output>
          </reporter-output>
        </test-method> <!-- reg -->
        <test-method status="PASS" signature="reg(java.lang.String, java.lang.String, java.lang.String)[pri:0, instance:hcm7@28feb3fa]" name="reg" duration-ms="19036" started-at="2019-04-26T15:48:34Z" data-provider="login" finished-at="2019-04-26T15:48:53Z">
          <params>
            <param index="0">
              <value>
                <![CDATA[name38]]>
              </value>
            </param>
            <param index="1">
              <value>
                <![CDATA[Selected]]>
              </value>
            </param>
            <param index="2">
              <value>
                <![CDATA[Selected]]>
              </value>
            </param>
          </params>
          <reporter-output>
          </reporter-output>
        </test-method> <!-- reg -->
        <test-method status="PASS" signature="reg(java.lang.String, java.lang.String, java.lang.String)[pri:0, instance:hcm7@28feb3fa]" name="reg" duration-ms="19056" started-at="2019-04-26T15:48:53Z" data-provider="login" finished-at="2019-04-26T15:49:12Z">
          <params>
            <param index="0">
              <value>
                <![CDATA[name39]]>
              </value>
            </param>
            <param index="1">
              <value>
                <![CDATA[Selected]]>
              </value>
            </param>
            <param index="2">
              <value>
                <![CDATA[Selected]]>
              </value>
            </param>
          </params>
          <reporter-output>
          </reporter-output>
        </test-method> <!-- reg -->
        <test-method status="PASS" signature="reg(java.lang.String, java.lang.String, java.lang.String)[pri:0, instance:hcm7@28feb3fa]" name="reg" duration-ms="19196" started-at="2019-04-26T15:49:12Z" data-provider="login" finished-at="2019-04-26T15:49:31Z">
          <params>
            <param index="0">
              <value>
                <![CDATA[name40]]>
              </value>
            </param>
            <param index="1">
              <value>
                <![CDATA[Selected]]>
              </value>
            </param>
            <param index="2">
              <value>
                <![CDATA[Selected]]>
              </value>
            </param>
          </params>
          <reporter-output>
          </reporter-output>
        </test-method> <!-- reg -->
        <test-method status="PASS" signature="reg(java.lang.String, java.lang.String, java.lang.String)[pri:0, instance:hcm7@28feb3fa]" name="reg" duration-ms="19108" started-at="2019-04-26T15:49:31Z" data-provider="login" finished-at="2019-04-26T15:49:50Z">
          <params>
            <param index="0">
              <value>
                <![CDATA[name41]]>
              </value>
            </param>
            <param index="1">
              <value>
                <![CDATA[Rejected]]>
              </value>
            </param>
            <param index="2">
              <value>
                <![CDATA[Rejected]]>
              </value>
            </param>
          </params>
          <reporter-output>
          </reporter-output>
        </test-method> <!-- reg -->
        <test-method status="PASS" signature="reg(java.lang.String, java.lang.String, java.lang.String)[pri:0, instance:hcm7@28feb3fa]" name="reg" duration-ms="19078" started-at="2019-04-26T15:49:50Z" data-provider="login" finished-at="2019-04-26T15:50:09Z">
          <params>
            <param index="0">
              <value>
                <![CDATA[name42]]>
              </value>
            </param>
            <param index="1">
              <value>
                <![CDATA[Selected]]>
              </value>
            </param>
            <param index="2">
              <value>
                <![CDATA[Selected]]>
              </value>
            </param>
          </params>
          <reporter-output>
          </reporter-output>
        </test-method> <!-- reg -->
        <test-method status="PASS" signature="reg(java.lang.String, java.lang.String, java.lang.String)[pri:0, instance:hcm7@28feb3fa]" name="reg" duration-ms="19072" started-at="2019-04-26T15:50:09Z" data-provider="login" finished-at="2019-04-26T15:50:28Z">
          <params>
            <param index="0">
              <value>
                <![CDATA[name43]]>
              </value>
            </param>
            <param index="1">
              <value>
                <![CDATA[Selected]]>
              </value>
            </param>
            <param index="2">
              <value>
                <![CDATA[Selected]]>
              </value>
            </param>
          </params>
          <reporter-output>
          </reporter-output>
        </test-method> <!-- reg -->
        <test-method status="PASS" signature="reg(java.lang.String, java.lang.String, java.lang.String)[pri:0, instance:hcm7@28feb3fa]" name="reg" duration-ms="19024" started-at="2019-04-26T15:50:28Z" data-provider="login" finished-at="2019-04-26T15:50:47Z">
          <params>
            <param index="0">
              <value>
                <![CDATA[name44]]>
              </value>
            </param>
            <param index="1">
              <value>
                <![CDATA[Selected]]>
              </value>
            </param>
            <param index="2">
              <value>
                <![CDATA[Selected]]>
              </value>
            </param>
          </params>
          <reporter-output>
          </reporter-output>
        </test-method> <!-- reg -->
        <test-method status="PASS" signature="reg(java.lang.String, java.lang.String, java.lang.String)[pri:0, instance:hcm7@28feb3fa]" name="reg" duration-ms="19073" started-at="2019-04-26T15:50:47Z" data-provider="login" finished-at="2019-04-26T15:51:06Z">
          <params>
            <param index="0">
              <value>
                <![CDATA[name45]]>
              </value>
            </param>
            <param index="1">
              <value>
                <![CDATA[Selected]]>
              </value>
            </param>
            <param index="2">
              <value>
                <![CDATA[Selected]]>
              </value>
            </param>
          </params>
          <reporter-output>
          </reporter-output>
        </test-method> <!-- reg -->
        <test-method status="PASS" signature="reg(java.lang.String, java.lang.String, java.lang.String)[pri:0, instance:hcm7@28feb3fa]" name="reg" duration-ms="19113" started-at="2019-04-26T15:51:06Z" data-provider="login" finished-at="2019-04-26T15:51:25Z">
          <params>
            <param index="0">
              <value>
                <![CDATA[name46]]>
              </value>
            </param>
            <param index="1">
              <value>
                <![CDATA[Cancelled]]>
              </value>
            </param>
            <param index="2">
              <value>
                <![CDATA[Cancelled]]>
              </value>
            </param>
          </params>
          <reporter-output>
          </reporter-output>
        </test-method> <!-- reg -->
        <test-method status="PASS" signature="reg(java.lang.String, java.lang.String, java.lang.String)[pri:0, instance:hcm7@28feb3fa]" name="reg" duration-ms="19062" started-at="2019-04-26T15:51:25Z" data-provider="login" finished-at="2019-04-26T15:51:44Z">
          <params>
            <param index="0">
              <value>
                <![CDATA[name47]]>
              </value>
            </param>
            <param index="1">
              <value>
                <![CDATA[Selected]]>
              </value>
            </param>
            <param index="2">
              <value>
                <![CDATA[Selected]]>
              </value>
            </param>
          </params>
          <reporter-output>
          </reporter-output>
        </test-method> <!-- reg -->
        <test-method status="PASS" signature="reg(java.lang.String, java.lang.String, java.lang.String)[pri:0, instance:hcm7@28feb3fa]" name="reg" duration-ms="19037" started-at="2019-04-26T15:51:44Z" data-provider="login" finished-at="2019-04-26T15:52:03Z">
          <params>
            <param index="0">
              <value>
                <![CDATA[name48]]>
              </value>
            </param>
            <param index="1">
              <value>
                <![CDATA[Selected]]>
              </value>
            </param>
            <param index="2">
              <value>
                <![CDATA[Selected]]>
              </value>
            </param>
          </params>
          <reporter-output>
          </reporter-output>
        </test-method> <!-- reg -->
        <test-method status="PASS" signature="reg(java.lang.String, java.lang.String, java.lang.String)[pri:0, instance:hcm7@28feb3fa]" name="reg" duration-ms="19109" started-at="2019-04-26T15:52:03Z" data-provider="login" finished-at="2019-04-26T15:52:23Z">
          <params>
            <param index="0">
              <value>
                <![CDATA[name49]]>
              </value>
            </param>
            <param index="1">
              <value>
                <![CDATA[Rejected]]>
              </value>
            </param>
            <param index="2">
              <value>
                <![CDATA[Rejected]]>
              </value>
            </param>
          </params>
          <reporter-output>
          </reporter-output>
        </test-method> <!-- reg -->
        <test-method status="PASS" signature="reg(java.lang.String, java.lang.String, java.lang.String)[pri:0, instance:hcm7@28feb3fa]" name="reg" duration-ms="19048" started-at="2019-04-26T15:52:23Z" data-provider="login" finished-at="2019-04-26T15:52:42Z">
          <params>
            <param index="0">
              <value>
                <![CDATA[name50]]>
              </value>
            </param>
            <param index="1">
              <value>
                <![CDATA[Selected]]>
              </value>
            </param>
            <param index="2">
              <value>
                <![CDATA[Selected]]>
              </value>
            </param>
          </params>
          <reporter-output>
          </reporter-output>
        </test-method> <!-- reg -->
        <test-method status="PASS" signature="reg(java.lang.String, java.lang.String, java.lang.String)[pri:0, instance:hcm7@28feb3fa]" name="reg" duration-ms="19175" started-at="2019-04-26T15:52:42Z" data-provider="login" finished-at="2019-04-26T15:53:01Z">
          <params>
            <param index="0">
              <value>
                <![CDATA[name51]]>
              </value>
            </param>
            <param index="1">
              <value>
                <![CDATA[Selected]]>
              </value>
            </param>
            <param index="2">
              <value>
                <![CDATA[Selected]]>
              </value>
            </param>
          </params>
          <reporter-output>
          </reporter-output>
        </test-method> <!-- reg -->
        <test-method status="PASS" signature="reg(java.lang.String, java.lang.String, java.lang.String)[pri:0, instance:hcm7@28feb3fa]" name="reg" duration-ms="19133" started-at="2019-04-26T15:53:01Z" data-provider="login" finished-at="2019-04-26T15:53:20Z">
          <params>
            <param index="0">
              <value>
                <![CDATA[name52]]>
              </value>
            </param>
            <param index="1">
              <value>
                <![CDATA[Selected]]>
              </value>
            </param>
            <param index="2">
              <value>
                <![CDATA[Selected]]>
              </value>
            </param>
          </params>
          <reporter-output>
          </reporter-output>
        </test-method> <!-- reg -->
        <test-method status="PASS" signature="reg(java.lang.String, java.lang.String, java.lang.String)[pri:0, instance:hcm7@28feb3fa]" name="reg" duration-ms="19140" started-at="2019-04-26T15:53:20Z" data-provider="login" finished-at="2019-04-26T15:53:39Z">
          <params>
            <param index="0">
              <value>
                <![CDATA[name53]]>
              </value>
            </param>
            <param index="1">
              <value>
                <![CDATA[Rejected]]>
              </value>
            </param>
            <param index="2">
              <value>
                <![CDATA[Rejected]]>
              </value>
            </param>
          </params>
          <reporter-output>
          </reporter-output>
        </test-method> <!-- reg -->
        <test-method status="PASS" signature="reg(java.lang.String, java.lang.String, java.lang.String)[pri:0, instance:hcm7@28feb3fa]" name="reg" duration-ms="19049" started-at="2019-04-26T15:53:39Z" data-provider="login" finished-at="2019-04-26T15:53:58Z">
          <params>
            <param index="0">
              <value>
                <![CDATA[name54]]>
              </value>
            </param>
            <param index="1">
              <value>
                <![CDATA[Selected]]>
              </value>
            </param>
            <param index="2">
              <value>
                <![CDATA[Selected]]>
              </value>
            </param>
          </params>
          <reporter-output>
          </reporter-output>
        </test-method> <!-- reg -->
        <test-method status="PASS" signature="reg(java.lang.String, java.lang.String, java.lang.String)[pri:0, instance:hcm7@28feb3fa]" name="reg" duration-ms="19077" started-at="2019-04-26T15:53:58Z" data-provider="login" finished-at="2019-04-26T15:54:17Z">
          <params>
            <param index="0">
              <value>
                <![CDATA[name55]]>
              </value>
            </param>
            <param index="1">
              <value>
                <![CDATA[Selected]]>
              </value>
            </param>
            <param index="2">
              <value>
                <![CDATA[Selected]]>
              </value>
            </param>
          </params>
          <reporter-output>
          </reporter-output>
        </test-method> <!-- reg -->
        <test-method status="PASS" signature="reg(java.lang.String, java.lang.String, java.lang.String)[pri:0, instance:hcm7@28feb3fa]" name="reg" duration-ms="19021" started-at="2019-04-26T15:54:17Z" data-provider="login" finished-at="2019-04-26T15:54:36Z">
          <params>
            <param index="0">
              <value>
                <![CDATA[name56]]>
              </value>
            </param>
            <param index="1">
              <value>
                <![CDATA[Rejected]]>
              </value>
            </param>
            <param index="2">
              <value>
                <![CDATA[Rejected]]>
              </value>
            </param>
          </params>
          <reporter-output>
          </reporter-output>
        </test-method> <!-- reg -->
        <test-method status="PASS" signature="reg(java.lang.String, java.lang.String, java.lang.String)[pri:0, instance:hcm7@28feb3fa]" name="reg" duration-ms="19138" started-at="2019-04-26T15:54:36Z" data-provider="login" finished-at="2019-04-26T15:54:55Z">
          <params>
            <param index="0">
              <value>
                <![CDATA[name57]]>
              </value>
            </param>
            <param index="1">
              <value>
                <![CDATA[Selected]]>
              </value>
            </param>
            <param index="2">
              <value>
                <![CDATA[Selected]]>
              </value>
            </param>
          </params>
          <reporter-output>
          </reporter-output>
        </test-method> <!-- reg -->
        <test-method status="PASS" signature="reg(java.lang.String, java.lang.String, java.lang.String)[pri:0, instance:hcm7@28feb3fa]" name="reg" duration-ms="19169" started-at="2019-04-26T15:54:55Z" data-provider="login" finished-at="2019-04-26T15:55:15Z">
          <params>
            <param index="0">
              <value>
                <![CDATA[name58]]>
              </value>
            </param>
            <param index="1">
              <value>
                <![CDATA[Rejected]]>
              </value>
            </param>
            <param index="2">
              <value>
                <![CDATA[Rejected]]>
              </value>
            </param>
          </params>
          <reporter-output>
          </reporter-output>
        </test-method> <!-- reg -->
        <test-method status="PASS" signature="reg(java.lang.String, java.lang.String, java.lang.String)[pri:0, instance:hcm7@28feb3fa]" name="reg" duration-ms="19114" started-at="2019-04-26T15:55:15Z" data-provider="login" finished-at="2019-04-26T15:55:34Z">
          <params>
            <param index="0">
              <value>
                <![CDATA[name59]]>
              </value>
            </param>
            <param index="1">
              <value>
                <![CDATA[Selected]]>
              </value>
            </param>
            <param index="2">
              <value>
                <![CDATA[Selected]]>
              </value>
            </param>
          </params>
          <reporter-output>
          </reporter-output>
        </test-method> <!-- reg -->
        <test-method status="PASS" signature="reg(java.lang.String, java.lang.String, java.lang.String)[pri:0, instance:hcm7@28feb3fa]" name="reg" duration-ms="19106" started-at="2019-04-26T15:55:34Z" data-provider="login" finished-at="2019-04-26T15:55:53Z">
          <params>
            <param index="0">
              <value>
                <![CDATA[name60]]>
              </value>
            </param>
            <param index="1">
              <value>
                <![CDATA[Selected]]>
              </value>
            </param>
            <param index="2">
              <value>
                <![CDATA[Selected]]>
              </value>
            </param>
          </params>
          <reporter-output>
          </reporter-output>
        </test-method> <!-- reg -->
        <test-method status="PASS" signature="reg(java.lang.String, java.lang.String, java.lang.String)[pri:0, instance:hcm7@28feb3fa]" name="reg" duration-ms="19139" started-at="2019-04-26T15:55:53Z" data-provider="login" finished-at="2019-04-26T15:56:12Z">
          <params>
            <param index="0">
              <value>
                <![CDATA[name61]]>
              </value>
            </param>
            <param index="1">
              <value>
                <![CDATA[Selected]]>
              </value>
            </param>
            <param index="2">
              <value>
                <![CDATA[Selected]]>
              </value>
            </param>
          </params>
          <reporter-output>
          </reporter-output>
        </test-method> <!-- reg -->
        <test-method status="PASS" signature="reg(java.lang.String, java.lang.String, java.lang.String)[pri:0, instance:hcm7@28feb3fa]" name="reg" duration-ms="19017" started-at="2019-04-26T15:56:12Z" data-provider="login" finished-at="2019-04-26T15:56:31Z">
          <params>
            <param index="0">
              <value>
                <![CDATA[name62]]>
              </value>
            </param>
            <param index="1">
              <value>
                <![CDATA[Selected]]>
              </value>
            </param>
            <param index="2">
              <value>
                <![CDATA[Selected]]>
              </value>
            </param>
          </params>
          <reporter-output>
          </reporter-output>
        </test-method> <!-- reg -->
        <test-method status="PASS" signature="reg(java.lang.String, java.lang.String, java.lang.String)[pri:0, instance:hcm7@28feb3fa]" name="reg" duration-ms="19050" started-at="2019-04-26T15:56:31Z" data-provider="login" finished-at="2019-04-26T15:56:50Z">
          <params>
            <param index="0">
              <value>
                <![CDATA[name63]]>
              </value>
            </param>
            <param index="1">
              <value>
                <![CDATA[Rejected]]>
              </value>
            </param>
            <param index="2">
              <value>
                <![CDATA[Rejected]]>
              </value>
            </param>
          </params>
          <reporter-output>
          </reporter-output>
        </test-method> <!-- reg -->
        <test-method status="PASS" signature="reg(java.lang.String, java.lang.String, java.lang.String)[pri:0, instance:hcm7@28feb3fa]" name="reg" duration-ms="19053" started-at="2019-04-26T15:56:50Z" data-provider="login" finished-at="2019-04-26T15:57:09Z">
          <params>
            <param index="0">
              <value>
                <![CDATA[name64]]>
              </value>
            </param>
            <param index="1">
              <value>
                <![CDATA[Selected]]>
              </value>
            </param>
            <param index="2">
              <value>
                <![CDATA[Selected]]>
              </value>
            </param>
          </params>
          <reporter-output>
          </reporter-output>
        </test-method> <!-- reg -->
        <test-method status="PASS" signature="reg(java.lang.String, java.lang.String, java.lang.String)[pri:0, instance:hcm7@28feb3fa]" name="reg" duration-ms="19052" started-at="2019-04-26T15:57:09Z" data-provider="login" finished-at="2019-04-26T15:57:28Z">
          <params>
            <param index="0">
              <value>
                <![CDATA[name65]]>
              </value>
            </param>
            <param index="1">
              <value>
                <![CDATA[Cancelled]]>
              </value>
            </param>
            <param index="2">
              <value>
                <![CDATA[Cancelled]]>
              </value>
            </param>
          </params>
          <reporter-output>
          </reporter-output>
        </test-method> <!-- reg -->
        <test-method status="PASS" signature="reg(java.lang.String, java.lang.String, java.lang.String)[pri:0, instance:hcm7@28feb3fa]" name="reg" duration-ms="19100" started-at="2019-04-26T15:57:28Z" data-provider="login" finished-at="2019-04-26T15:57:47Z">
          <params>
            <param index="0">
              <value>
                <![CDATA[name66]]>
              </value>
            </param>
            <param index="1">
              <value>
                <![CDATA[Selected]]>
              </value>
            </param>
            <param index="2">
              <value>
                <![CDATA[Selected]]>
              </value>
            </param>
          </params>
          <reporter-output>
          </reporter-output>
        </test-method> <!-- reg -->
        <test-method status="PASS" signature="reg(java.lang.String, java.lang.String, java.lang.String)[pri:0, instance:hcm7@28feb3fa]" name="reg" duration-ms="19096" started-at="2019-04-26T15:57:47Z" data-provider="login" finished-at="2019-04-26T15:58:06Z">
          <params>
            <param index="0">
              <value>
                <![CDATA[name67]]>
              </value>
            </param>
            <param index="1">
              <value>
                <![CDATA[Selected]]>
              </value>
            </param>
            <param index="2">
              <value>
                <![CDATA[Selected]]>
              </value>
            </param>
          </params>
          <reporter-output>
          </reporter-output>
        </test-method> <!-- reg -->
        <test-method status="PASS" signature="reg(java.lang.String, java.lang.String, java.lang.String)[pri:0, instance:hcm7@28feb3fa]" name="reg" duration-ms="19062" started-at="2019-04-26T15:58:06Z" data-provider="login" finished-at="2019-04-26T15:58:25Z">
          <params>
            <param index="0">
              <value>
                <![CDATA[name68]]>
              </value>
            </param>
            <param index="1">
              <value>
                <![CDATA[Selected]]>
              </value>
            </param>
            <param index="2">
              <value>
                <![CDATA[Selected]]>
              </value>
            </param>
          </params>
          <reporter-output>
          </reporter-output>
        </test-method> <!-- reg -->
        <test-method status="PASS" signature="reg(java.lang.String, java.lang.String, java.lang.String)[pri:0, instance:hcm7@28feb3fa]" name="reg" duration-ms="18980" started-at="2019-04-26T15:58:25Z" data-provider="login" finished-at="2019-04-26T15:58:44Z">
          <params>
            <param index="0">
              <value>
                <![CDATA[name69]]>
              </value>
            </param>
            <param index="1">
              <value>
                <![CDATA[Selected]]>
              </value>
            </param>
            <param index="2">
              <value>
                <![CDATA[Selected]]>
              </value>
            </param>
          </params>
          <reporter-output>
          </reporter-output>
        </test-method> <!-- reg -->
        <test-method status="PASS" signature="reg(java.lang.String, java.lang.String, java.lang.String)[pri:0, instance:hcm7@28feb3fa]" name="reg" duration-ms="19120" started-at="2019-04-26T15:58:44Z" data-provider="login" finished-at="2019-04-26T15:59:03Z">
          <params>
            <param index="0">
              <value>
                <![CDATA[name70]]>
              </value>
            </param>
            <param index="1">
              <value>
                <![CDATA[Hold]]>
              </value>
            </param>
            <param index="2">
              <value>
                <![CDATA[Hold]]>
              </value>
            </param>
          </params>
          <reporter-output>
          </reporter-output>
        </test-method> <!-- reg -->
        <test-method status="PASS" signature="reg(java.lang.String, java.lang.String, java.lang.String)[pri:0, instance:hcm7@28feb3fa]" name="reg" duration-ms="19144" started-at="2019-04-26T15:59:03Z" data-provider="login" finished-at="2019-04-26T15:59:23Z">
          <params>
            <param index="0">
              <value>
                <![CDATA[name71]]>
              </value>
            </param>
            <param index="1">
              <value>
                <![CDATA[Selected]]>
              </value>
            </param>
            <param index="2">
              <value>
                <![CDATA[Selected]]>
              </value>
            </param>
          </params>
          <reporter-output>
          </reporter-output>
        </test-method> <!-- reg -->
        <test-method status="PASS" signature="reg(java.lang.String, java.lang.String, java.lang.String)[pri:0, instance:hcm7@28feb3fa]" name="reg" duration-ms="19075" started-at="2019-04-26T15:59:23Z" data-provider="login" finished-at="2019-04-26T15:59:42Z">
          <params>
            <param index="0">
              <value>
                <![CDATA[name72]]>
              </value>
            </param>
            <param index="1">
              <value>
                <![CDATA[Selected]]>
              </value>
            </param>
            <param index="2">
              <value>
                <![CDATA[Selected]]>
              </value>
            </param>
          </params>
          <reporter-output>
          </reporter-output>
        </test-method> <!-- reg -->
        <test-method status="PASS" signature="reg(java.lang.String, java.lang.String, java.lang.String)[pri:0, instance:hcm7@28feb3fa]" name="reg" duration-ms="19091" started-at="2019-04-26T15:59:42Z" data-provider="login" finished-at="2019-04-26T16:00:01Z">
          <params>
            <param index="0">
              <value>
                <![CDATA[name73]]>
              </value>
            </param>
            <param index="1">
              <value>
                <![CDATA[Selected]]>
              </value>
            </param>
            <param index="2">
              <value>
                <![CDATA[Selected]]>
              </value>
            </param>
          </params>
          <reporter-output>
          </reporter-output>
        </test-method> <!-- reg -->
        <test-method status="PASS" signature="reg(java.lang.String, java.lang.String, java.lang.String)[pri:0, instance:hcm7@28feb3fa]" name="reg" duration-ms="19064" started-at="2019-04-26T16:00:01Z" data-provider="login" finished-at="2019-04-26T16:00:20Z">
          <params>
            <param index="0">
              <value>
                <![CDATA[name74]]>
              </value>
            </param>
            <param index="1">
              <value>
                <![CDATA[Selected]]>
              </value>
            </param>
            <param index="2">
              <value>
                <![CDATA[Selected]]>
              </value>
            </param>
          </params>
          <reporter-output>
          </reporter-output>
        </test-method> <!-- reg -->
        <test-method status="PASS" signature="reg(java.lang.String, java.lang.String, java.lang.String)[pri:0, instance:hcm7@28feb3fa]" name="reg" duration-ms="19107" started-at="2019-04-26T16:00:20Z" data-provider="login" finished-at="2019-04-26T16:00:39Z">
          <params>
            <param index="0">
              <value>
                <![CDATA[name75]]>
              </value>
            </param>
            <param index="1">
              <value>
                <![CDATA[Selected]]>
              </value>
            </param>
            <param index="2">
              <value>
                <![CDATA[Selected]]>
              </value>
            </param>
          </params>
          <reporter-output>
          </reporter-output>
        </test-method> <!-- reg -->
        <test-method status="PASS" signature="reg(java.lang.String, java.lang.String, java.lang.String)[pri:0, instance:hcm7@28feb3fa]" name="reg" duration-ms="19137" started-at="2019-04-26T16:00:39Z" data-provider="login" finished-at="2019-04-26T16:00:58Z">
          <params>
            <param index="0">
              <value>
                <![CDATA[name76]]>
              </value>
            </param>
            <param index="1">
              <value>
                <![CDATA[Selected]]>
              </value>
            </param>
            <param index="2">
              <value>
                <![CDATA[Selected]]>
              </value>
            </param>
          </params>
          <reporter-output>
          </reporter-output>
        </test-method> <!-- reg -->
        <test-method status="PASS" signature="reg(java.lang.String, java.lang.String, java.lang.String)[pri:0, instance:hcm7@28feb3fa]" name="reg" duration-ms="19085" started-at="2019-04-26T16:00:58Z" data-provider="login" finished-at="2019-04-26T16:01:17Z">
          <params>
            <param index="0">
              <value>
                <![CDATA[name77]]>
              </value>
            </param>
            <param index="1">
              <value>
                <![CDATA[Rejected]]>
              </value>
            </param>
            <param index="2">
              <value>
                <![CDATA[Rejected]]>
              </value>
            </param>
          </params>
          <reporter-output>
          </reporter-output>
        </test-method> <!-- reg -->
        <test-method status="PASS" signature="reg(java.lang.String, java.lang.String, java.lang.String)[pri:0, instance:hcm7@28feb3fa]" name="reg" duration-ms="19016" started-at="2019-04-26T16:01:17Z" data-provider="login" finished-at="2019-04-26T16:01:36Z">
          <params>
            <param index="0">
              <value>
                <![CDATA[name78]]>
              </value>
            </param>
            <param index="1">
              <value>
                <![CDATA[Selected]]>
              </value>
            </param>
            <param index="2">
              <value>
                <![CDATA[Selected]]>
              </value>
            </param>
          </params>
          <reporter-output>
          </reporter-output>
        </test-method> <!-- reg -->
        <test-method status="PASS" signature="reg(java.lang.String, java.lang.String, java.lang.String)[pri:0, instance:hcm7@28feb3fa]" name="reg" duration-ms="19004" started-at="2019-04-26T16:01:36Z" data-provider="login" finished-at="2019-04-26T16:01:55Z">
          <params>
            <param index="0">
              <value>
                <![CDATA[name79]]>
              </value>
            </param>
            <param index="1">
              <value>
                <![CDATA[Selected]]>
              </value>
            </param>
            <param index="2">
              <value>
                <![CDATA[Selected]]>
              </value>
            </param>
          </params>
          <reporter-output>
          </reporter-output>
        </test-method> <!-- reg -->
        <test-method status="PASS" signature="reg(java.lang.String, java.lang.String, java.lang.String)[pri:0, instance:hcm7@28feb3fa]" name="reg" duration-ms="19094" started-at="2019-04-26T16:01:55Z" data-provider="login" finished-at="2019-04-26T16:02:14Z">
          <params>
            <param index="0">
              <value>
                <![CDATA[name80]]>
              </value>
            </param>
            <param index="1">
              <value>
                <![CDATA[Selected]]>
              </value>
            </param>
            <param index="2">
              <value>
                <![CDATA[Selected]]>
              </value>
            </param>
          </params>
          <reporter-output>
          </reporter-output>
        </test-method> <!-- reg -->
        <test-method status="PASS" signature="reg(java.lang.String, java.lang.String, java.lang.String)[pri:0, instance:hcm7@28feb3fa]" name="reg" duration-ms="19048" started-at="2019-04-26T16:02:14Z" data-provider="login" finished-at="2019-04-26T16:02:33Z">
          <params>
            <param index="0">
              <value>
                <![CDATA[name81]]>
              </value>
            </param>
            <param index="1">
              <value>
                <![CDATA[Selected]]>
              </value>
            </param>
            <param index="2">
              <value>
                <![CDATA[Selected]]>
              </value>
            </param>
          </params>
          <reporter-output>
          </reporter-output>
        </test-method> <!-- reg -->
        <test-method status="PASS" signature="reg(java.lang.String, java.lang.String, java.lang.String)[pri:0, instance:hcm7@28feb3fa]" name="reg" duration-ms="19051" started-at="2019-04-26T16:02:33Z" data-provider="login" finished-at="2019-04-26T16:02:52Z">
          <params>
            <param index="0">
              <value>
                <![CDATA[name82]]>
              </value>
            </param>
            <param index="1">
              <value>
                <![CDATA[Rejected]]>
              </value>
            </param>
            <param index="2">
              <value>
                <![CDATA[Rejected]]>
              </value>
            </param>
          </params>
          <reporter-output>
          </reporter-output>
        </test-method> <!-- reg -->
        <test-method status="PASS" signature="reg(java.lang.String, java.lang.String, java.lang.String)[pri:0, instance:hcm7@28feb3fa]" name="reg" duration-ms="19138" started-at="2019-04-26T16:02:52Z" data-provider="login" finished-at="2019-04-26T16:03:11Z">
          <params>
            <param index="0">
              <value>
                <![CDATA[name83]]>
              </value>
            </param>
            <param index="1">
              <value>
                <![CDATA[Selected]]>
              </value>
            </param>
            <param index="2">
              <value>
                <![CDATA[Selected]]>
              </value>
            </param>
          </params>
          <reporter-output>
          </reporter-output>
        </test-method> <!-- reg -->
        <test-method status="PASS" signature="reg(java.lang.String, java.lang.String, java.lang.String)[pri:0, instance:hcm7@28feb3fa]" name="reg" duration-ms="19054" started-at="2019-04-26T16:03:11Z" data-provider="login" finished-at="2019-04-26T16:03:31Z">
          <params>
            <param index="0">
              <value>
                <![CDATA[name84]]>
              </value>
            </param>
            <param index="1">
              <value>
                <![CDATA[Cancelled]]>
              </value>
            </param>
            <param index="2">
              <value>
                <![CDATA[Cancelled]]>
              </value>
            </param>
          </params>
          <reporter-output>
          </reporter-output>
        </test-method> <!-- reg -->
        <test-method status="PASS" signature="reg(java.lang.String, java.lang.String, java.lang.String)[pri:0, instance:hcm7@28feb3fa]" name="reg" duration-ms="19060" started-at="2019-04-26T16:03:31Z" data-provider="login" finished-at="2019-04-26T16:03:50Z">
          <params>
            <param index="0">
              <value>
                <![CDATA[name85]]>
              </value>
            </param>
            <param index="1">
              <value>
                <![CDATA[Selected]]>
              </value>
            </param>
            <param index="2">
              <value>
                <![CDATA[Selected]]>
              </value>
            </param>
          </params>
          <reporter-output>
          </reporter-output>
        </test-method> <!-- reg -->
        <test-method status="PASS" signature="reg(java.lang.String, java.lang.String, java.lang.String)[pri:0, instance:hcm7@28feb3fa]" name="reg" duration-ms="19029" started-at="2019-04-26T16:03:50Z" data-provider="login" finished-at="2019-04-26T16:04:09Z">
          <params>
            <param index="0">
              <value>
                <![CDATA[name86]]>
              </value>
            </param>
            <param index="1">
              <value>
                <![CDATA[Selected]]>
              </value>
            </param>
            <param index="2">
              <value>
                <![CDATA[Selected]]>
              </value>
            </param>
          </params>
          <reporter-output>
          </reporter-output>
        </test-method> <!-- reg -->
        <test-method status="PASS" signature="reg(java.lang.String, java.lang.String, java.lang.String)[pri:0, instance:hcm7@28feb3fa]" name="reg" duration-ms="19082" started-at="2019-04-26T16:04:09Z" data-provider="login" finished-at="2019-04-26T16:04:28Z">
          <params>
            <param index="0">
              <value>
                <![CDATA[name87]]>
              </value>
            </param>
            <param index="1">
              <value>
                <![CDATA[Selected]]>
              </value>
            </param>
            <param index="2">
              <value>
                <![CDATA[Selected]]>
              </value>
            </param>
          </params>
          <reporter-output>
          </reporter-output>
        </test-method> <!-- reg -->
        <test-method status="PASS" signature="reg(java.lang.String, java.lang.String, java.lang.String)[pri:0, instance:hcm7@28feb3fa]" name="reg" duration-ms="19162" started-at="2019-04-26T16:04:28Z" data-provider="login" finished-at="2019-04-26T16:04:47Z">
          <params>
            <param index="0">
              <value>
                <![CDATA[name88]]>
              </value>
            </param>
            <param index="1">
              <value>
                <![CDATA[Rejected]]>
              </value>
            </param>
            <param index="2">
              <value>
                <![CDATA[Rejected]]>
              </value>
            </param>
          </params>
          <reporter-output>
          </reporter-output>
        </test-method> <!-- reg -->
        <test-method status="PASS" signature="reg(java.lang.String, java.lang.String, java.lang.String)[pri:0, instance:hcm7@28feb3fa]" name="reg" duration-ms="19147" started-at="2019-04-26T16:04:47Z" data-provider="login" finished-at="2019-04-26T16:05:06Z">
          <params>
            <param index="0">
              <value>
                <![CDATA[name89]]>
              </value>
            </param>
            <param index="1">
              <value>
                <![CDATA[Selected]]>
              </value>
            </param>
            <param index="2">
              <value>
                <![CDATA[Selected]]>
              </value>
            </param>
          </params>
          <reporter-output>
          </reporter-output>
        </test-method> <!-- reg -->
        <test-method status="PASS" signature="reg(java.lang.String, java.lang.String, java.lang.String)[pri:0, instance:hcm7@28feb3fa]" name="reg" duration-ms="19132" started-at="2019-04-26T16:05:06Z" data-provider="login" finished-at="2019-04-26T16:05:25Z">
          <params>
            <param index="0">
              <value>
                <![CDATA[name90]]>
              </value>
            </param>
            <param index="1">
              <value>
                <![CDATA[Selected]]>
              </value>
            </param>
            <param index="2">
              <value>
                <![CDATA[Selected]]>
              </value>
            </param>
          </params>
          <reporter-output>
          </reporter-output>
        </test-method> <!-- reg -->
        <test-method status="PASS" signature="reg(java.lang.String, java.lang.String, java.lang.String)[pri:0, instance:hcm7@28feb3fa]" name="reg" duration-ms="19103" started-at="2019-04-26T16:05:25Z" data-provider="login" finished-at="2019-04-26T16:05:44Z">
          <params>
            <param index="0">
              <value>
                <![CDATA[name91]]>
              </value>
            </param>
            <param index="1">
              <value>
                <![CDATA[Selected]]>
              </value>
            </param>
            <param index="2">
              <value>
                <![CDATA[Selected]]>
              </value>
            </param>
          </params>
          <reporter-output>
          </reporter-output>
        </test-method> <!-- reg -->
        <test-method status="PASS" signature="reg(java.lang.String, java.lang.String, java.lang.String)[pri:0, instance:hcm7@28feb3fa]" name="reg" duration-ms="19082" started-at="2019-04-26T16:05:44Z" data-provider="login" finished-at="2019-04-26T16:06:03Z">
          <params>
            <param index="0">
              <value>
                <![CDATA[name92]]>
              </value>
            </param>
            <param index="1">
              <value>
                <![CDATA[Selected]]>
              </value>
            </param>
            <param index="2">
              <value>
                <![CDATA[Selected]]>
              </value>
            </param>
          </params>
          <reporter-output>
          </reporter-output>
        </test-method> <!-- reg -->
        <test-method status="PASS" signature="reg(java.lang.String, java.lang.String, java.lang.String)[pri:0, instance:hcm7@28feb3fa]" name="reg" duration-ms="19013" started-at="2019-04-26T16:06:03Z" data-provider="login" finished-at="2019-04-26T16:06:22Z">
          <params>
            <param index="0">
              <value>
                <![CDATA[name93]]>
              </value>
            </param>
            <param index="1">
              <value>
                <![CDATA[Selected]]>
              </value>
            </param>
            <param index="2">
              <value>
                <![CDATA[Selected]]>
              </value>
            </param>
          </params>
          <reporter-output>
          </reporter-output>
        </test-method> <!-- reg -->
        <test-method status="PASS" signature="reg(java.lang.String, java.lang.String, java.lang.String)[pri:0, instance:hcm7@28feb3fa]" name="reg" duration-ms="19200" started-at="2019-04-26T16:06:22Z" data-provider="login" finished-at="2019-04-26T16:06:42Z">
          <params>
            <param index="0">
              <value>
                <![CDATA[name94]]>
              </value>
            </param>
            <param index="1">
              <value>
                <![CDATA[Selected]]>
              </value>
            </param>
            <param index="2">
              <value>
                <![CDATA[Selected]]>
              </value>
            </param>
          </params>
          <reporter-output>
          </reporter-output>
        </test-method> <!-- reg -->
        <test-method status="PASS" signature="reg(java.lang.String, java.lang.String, java.lang.String)[pri:0, instance:hcm7@28feb3fa]" name="reg" duration-ms="19082" started-at="2019-04-26T16:06:42Z" data-provider="login" finished-at="2019-04-26T16:07:01Z">
          <params>
            <param index="0">
              <value>
                <![CDATA[name95]]>
              </value>
            </param>
            <param index="1">
              <value>
                <![CDATA[Rejected]]>
              </value>
            </param>
            <param index="2">
              <value>
                <![CDATA[Rejected]]>
              </value>
            </param>
          </params>
          <reporter-output>
          </reporter-output>
        </test-method> <!-- reg -->
        <test-method status="PASS" signature="reg(java.lang.String, java.lang.String, java.lang.String)[pri:0, instance:hcm7@28feb3fa]" name="reg" duration-ms="19134" started-at="2019-04-26T16:07:01Z" data-provider="login" finished-at="2019-04-26T16:07:20Z">
          <params>
            <param index="0">
              <value>
                <![CDATA[name96]]>
              </value>
            </param>
            <param index="1">
              <value>
                <![CDATA[Selected]]>
              </value>
            </param>
            <param index="2">
              <value>
                <![CDATA[Selected]]>
              </value>
            </param>
          </params>
          <reporter-output>
          </reporter-output>
        </test-method> <!-- reg -->
        <test-method status="PASS" signature="reg(java.lang.String, java.lang.String, java.lang.String)[pri:0, instance:hcm7@28feb3fa]" name="reg" duration-ms="19078" started-at="2019-04-26T16:07:20Z" data-provider="login" finished-at="2019-04-26T16:07:39Z">
          <params>
            <param index="0">
              <value>
                <![CDATA[name97]]>
              </value>
            </param>
            <param index="1">
              <value>
                <![CDATA[Selected]]>
              </value>
            </param>
            <param index="2">
              <value>
                <![CDATA[Selected]]>
              </value>
            </param>
          </params>
          <reporter-output>
          </reporter-output>
        </test-method> <!-- reg -->
        <test-method status="PASS" signature="reg(java.lang.String, java.lang.String, java.lang.String)[pri:0, instance:hcm7@28feb3fa]" name="reg" duration-ms="19051" started-at="2019-04-26T16:07:39Z" data-provider="login" finished-at="2019-04-26T16:07:58Z">
          <params>
            <param index="0">
              <value>
                <![CDATA[name98]]>
              </value>
            </param>
            <param index="1">
              <value>
                <![CDATA[Selected]]>
              </value>
            </param>
            <param index="2">
              <value>
                <![CDATA[Selected]]>
              </value>
            </param>
          </params>
          <reporter-output>
          </reporter-output>
        </test-method> <!-- reg -->
        <test-method status="PASS" signature="reg(java.lang.String, java.lang.String, java.lang.String)[pri:0, instance:hcm7@28feb3fa]" name="reg" duration-ms="19107" started-at="2019-04-26T16:07:58Z" data-provider="login" finished-at="2019-04-26T16:08:17Z">
          <params>
            <param index="0">
              <value>
                <![CDATA[name99]]>
              </value>
            </param>
            <param index="1">
              <value>
                <![CDATA[Selected]]>
              </value>
            </param>
            <param index="2">
              <value>
                <![CDATA[Selected]]>
              </value>
            </param>
          </params>
          <reporter-output>
          </reporter-output>
        </test-method> <!-- reg -->
        <test-method status="PASS" signature="reg(java.lang.String, java.lang.String, java.lang.String)[pri:0, instance:hcm7@28feb3fa]" name="reg" duration-ms="18950" started-at="2019-04-26T16:08:17Z" data-provider="login" finished-at="2019-04-26T16:08:36Z">
          <params>
            <param index="0">
              <value>
                <![CDATA[name100]]>
              </value>
            </param>
            <param index="1">
              <value>
                <![CDATA[Hold]]>
              </value>
            </param>
            <param index="2">
              <value>
                <![CDATA[Hold]]>
              </value>
            </param>
          </params>
          <reporter-output>
          </reporter-output>
        </test-method> <!-- reg -->
        <test-method status="PASS" signature="end()[pri:0, instance:hcm7@28feb3fa]" name="end" is-config="true" duration-ms="5428" started-at="2019-04-26T16:08:36Z" finished-at="2019-04-26T16:08:41Z">
          <reporter-output>
          </reporter-output>
        </test-method> <!-- end -->
      </class> <!-- hcm7 -->
    </test> <!-- Default test -->
  </suite> <!-- Default suite -->
</testng-results>
